Build started 11/9/2014 9:39:23 PM.
     1>Project "C:\PROJECTS\FreezeFrame\FreezeFrame\FreezeFrame\FreezeFrame.vcxproj" on node 2 (Build target(s)).
     1>ClCompile:
         C:\Program Files (x86)\Microsoft Visual Studio 11.0\VC\bin\CL.exe /c /I"C:\Program Files (x86)\Microsoft DirectX SDK (June 2010)\\Include" /Zi /nologo /W3 /WX- /O2 /Oi /Oy- /GL /D _MBCS /Gm- /EHsc /MT /GS /Gy /fp:precise /Zc:wchar_t /Zc:forScope /Fo"Release\\" /Fd"Release\vc110.pdb" /Gd /TP /analyze- /errorReport:prompt freezeframe.cpp
         freezeframe.cpp
     1>c:\projects\freezeframe\freezeframe\freezeframe\Player.h(16): warning C4305: 'initializing' : truncation from 'double' to 'const float'
     1>c:\projects\freezeframe\freezeframe\freezeframe\Player.h(18): warning C4305: 'initializing' : truncation from 'double' to 'const float'
     1>c:\projects\freezeframe\freezeframe\freezeframe\Player.h(19): warning C4305: 'initializing' : truncation from 'double' to 'const float'
     1>c:\projects\freezeframe\freezeframe\freezeframe\Player.h(23): warning C4305: 'initializing' : truncation from 'double' to 'const float'
     1>c:\projects\freezeframe\freezeframe\freezeframe\Player.h(25): warning C4305: 'initializing' : truncation from 'double' to 'const float'
     1>c:\projects\freezeframe\freezeframe\freezeframe\Player.h(30): warning C4244: 'initializing' : conversion from 'const double' to 'const float', possible loss of data
     1>c:\projects\freezeframe\freezeframe\freezeframe\Guard.h(10): warning C4244: 'initializing' : conversion from 'double' to 'const float', possible loss of data
     1>c:\projects\freezeframe\freezeframe\freezeframe\Guard.h(11): warning C4244: 'initializing' : conversion from 'double' to 'const float', possible loss of data
     1>c:\projects\freezeframe\freezeframe\freezeframe\Guard.h(12): warning C4244: 'initializing' : conversion from 'double' to 'const float', possible loss of data
     1>c:\projects\freezeframe\freezeframe\freezeframe\Cursor.h(7): warning C4244: 'initializing' : conversion from 'const double' to 'const float', possible loss of data
     1>c:\projects\freezeframe\freezeframe\freezeframe\Turret.h(8): warning C4244: 'initializing' : conversion from 'const double' to 'const float', possible loss of data
     1>c:\projects\freezeframe\freezeframe\freezeframe\Turret.h(9): warning C4244: 'initializing' : conversion from 'double' to 'const float', possible loss of data
     1>c:\projects\freezeframe\freezeframe\freezeframe\Turret.h(10): warning C4244: 'initializing' : conversion from 'const double' to 'const float', possible loss of data
     1>c:\projects\freezeframe\freezeframe\freezeframe\Turret.h(11): warning C4305: 'initializing' : truncation from 'double' to 'const float'
     1>c:\projects\freezeframe\freezeframe\freezeframe\freezeframe.h(201): warning C4244: 'argument' : conversion from 'int' to 'FLOAT', possible loss of data
     1>freezeframe.cpp(15): warning C4244: 'argument' : conversion from 'time_t' to 'unsigned int', possible loss of data
     1>freezeframe.cpp(20): warning C4244: 'argument' : conversion from 'const UINT' to 'FLOAT', possible loss of data
     1>freezeframe.cpp(21): warning C4244: 'argument' : conversion from 'const UINT' to 'FLOAT', possible loss of data
     1>freezeframe.cpp(24): warning C4244: 'argument' : conversion from 'const UINT' to 'FLOAT', possible loss of data
     1>freezeframe.cpp(93): warning C4244: 'argument' : conversion from 'int' to 'FLOAT', possible loss of data
     1>freezeframe.cpp(99): warning C4244: 'argument' : conversion from 'const UINT' to 'float', possible loss of data
     1>freezeframe.cpp(267): warning C4244: 'argument' : conversion from 'const UINT' to 'float', possible loss of data
     1>freezeframe.cpp(615): warning C4244: 'argument' : conversion from 'double' to 'int', possible loss of data
     1>freezeframe.cpp(647): warning C4244: 'argument' : conversion from 'int' to 'float', possible loss of data
     1>freezeframe.cpp(650): warning C4244: 'argument' : conversion from 'int' to 'float', possible loss of data
     1>freezeframe.cpp(660): warning C4244: 'argument' : conversion from 'const UINT' to 'float', possible loss of data
     1>freezeframe.cpp(676): warning C4244: 'argument' : conversion from 'const double' to 'float', possible loss of data
     1>freezeframe.cpp(677): warning C4244: 'argument' : conversion from 'const double' to 'float', possible loss of data
     1>freezeframe.cpp(695): warning C4305: 'argument' : truncation from 'double' to 'FLOAT'
     1>freezeframe.cpp(697): warning C4305: 'argument' : truncation from 'double' to 'FLOAT'
     1>freezeframe.cpp(736): warning C4244: 'argument' : conversion from 'const double' to 'float', possible loss of data
     1>freezeframe.cpp(738): warning C4244: 'argument' : conversion from 'const double' to 'float', possible loss of data
     1>freezeframe.cpp(740): warning C4244: 'argument' : conversion from 'const double' to 'float', possible loss of data
     1>freezeframe.cpp(742): warning C4244: 'argument' : conversion from 'const double' to 'float', possible loss of data
     1>freezeframe.cpp(745): warning C4244: 'argument' : conversion from 'const double' to 'float', possible loss of data
     1>freezeframe.cpp(746): warning C4244: 'argument' : conversion from 'const double' to 'float', possible loss of data
     1>freezeframe.cpp(747): warning C4244: 'argument' : conversion from 'const double' to 'float', possible loss of data
     1>freezeframe.cpp(748): warning C4244: 'argument' : conversion from 'const double' to 'float', possible loss of data
     1>freezeframe.cpp(749): warning C4244: 'argument' : conversion from 'const double' to 'float', possible loss of data
     1>freezeframe.cpp(750): warning C4244: 'argument' : conversion from 'const double' to 'float', possible loss of data
     1>freezeframe.cpp(770): warning C4244: 'argument' : conversion from 'int' to 'FLOAT', possible loss of data
     1>freezeframe.cpp(778): warning C4244: 'argument' : conversion from 'int' to 'FLOAT', possible loss of data
     1>freezeframe.cpp(799): warning C4244: 'argument' : conversion from 'const double' to 'float', possible loss of data
     1>freezeframe.cpp(801): warning C4244: 'argument' : conversion from 'const double' to 'float', possible loss of data
     1>freezeframe.cpp(803): warning C4244: 'argument' : conversion from 'const double' to 'float', possible loss of data
     1>freezeframe.cpp(805): warning C4244: 'argument' : conversion from 'const double' to 'float', possible loss of data
     1>freezeframe.cpp(868): warning C4244: '+=' : conversion from 'const double' to 'float', possible loss of data
     1>freezeframe.cpp(870): warning C4244: 'argument' : conversion from 'const double' to 'float', possible loss of data
     1>freezeframe.cpp(1018): warning C4244: '=' : conversion from 'const double' to 'float', possible loss of data
     1>freezeframe.cpp(1030): warning C4244: '=' : conversion from 'const double' to 'float', possible loss of data
     1>freezeframe.cpp(1031): warning C4244: '=' : conversion from 'double' to 'float', possible loss of data
       Link:
         C:\Program Files (x86)\Microsoft Visual Studio 11.0\VC\bin\link.exe /ERRORREPORT:PROMPT /OUT:"C:\PROJECTS\FreezeFrame\FreezeFrame\FreezeFrame\Release\FreezeFrame.exe" /NOLOGO /LIBPATH:"C:\Program Files (x86)\Microsoft DirectX SDK (June 2010)\\Lib\x86" d3d9.lib d3dx9.lib winmm.lib xinput.lib kernel32.lib user32.lib gdi32.lib winspool.lib comdlg32.lib advapi32.lib shell32.lib ole32.lib oleaut32.lib uuid.lib odbc32.lib odbccp32.lib /MANIFEST /MANIFESTUAC:"level='asInvoker' uiAccess='false'" /manifest:embed /DEBUG /PDB:"C:\PROJECTS\FreezeFrame\FreezeFrame\FreezeFrame\Release\FreezeFrame.pdb" /OPT:REF /OPT:ICF /LTCG /TLBID:1 /DYNAMICBASE /NXCOMPAT /IMPLIB:"C:\PROJECTS\FreezeFrame\FreezeFrame\FreezeFrame\Release\FreezeFrame.lib" /MACHINE:X86 /SAFESEH Release\Actor.obj
         Release\audio.obj
         Release\Bullet.obj
         Release\constants.obj
         Release\Cursor.obj
         Release\game.obj
         Release\graphics.obj
         Release\Guard.obj
         Release\image.obj
         Release\input.obj
         Release\freezeframe.obj
         Release\LandMine.obj
         Release\Particle.obj
         Release\Player.obj
         Release\textDX.obj
         Release\textureManager.obj
         Release\Turret.obj
         Release\Utility.obj
         Release\Wall.obj
         Release\winmain.obj
         Generating code
         Finished generating code
         FreezeFrame.vcxproj -> C:\PROJECTS\FreezeFrame\FreezeFrame\FreezeFrame\Release\FreezeFrame.exe
     1>Done Building Project "C:\PROJECTS\FreezeFrame\FreezeFrame\FreezeFrame\FreezeFrame.vcxproj" (Build target(s)).

Build succeeded.

Time Elapsed 00:00:07.08
