Build started 11/14/2014 4:33:51 PM.
     1>Project "C:\Users\SybrandtJG1\Desktop\PM_GAMEJAM\pm_gamejam\FreezeFrame\FreezeFrame\FreezeFrame.vcxproj" on node 2 (Build target(s)).
     1>ClCompile:
         C:\Program Files (x86)\Microsoft Visual Studio 11.0\VC\bin\CL.exe /c /I"C:\Program Files (x86)\Microsoft DirectX SDK (June 2010)\\Include" /ZI /nologo /W3 /WX- /Od /Oy- /D _MBCS /Gm /EHsc /RTC1 /MDd /GS /fp:precise /Zc:wchar_t /Zc:forScope /Fo"Debug\\" /Fd"Debug\vc110.pdb" /Gd /TP /analyze- /errorReport:prompt patternStep.cpp
         patternStep.cpp
     1>c:\users\sybrandtjg1\desktop\pm_gamejam\pm_gamejam\freezeframe\freezeframe\ghost.h(10): warning C4244: 'initializing' : conversion from 'double' to 'const float', possible loss of data
     1>c:\users\sybrandtjg1\desktop\pm_gamejam\pm_gamejam\freezeframe\freezeframe\ghost.h(11): warning C4244: 'initializing' : conversion from 'double' to 'const float', possible loss of data
     1>c:\users\sybrandtjg1\desktop\pm_gamejam\pm_gamejam\freezeframe\freezeframe\ghost.h(12): warning C4244: 'initializing' : conversion from 'double' to 'const float', possible loss of data
       Link:
         C:\Program Files (x86)\Microsoft Visual Studio 11.0\VC\bin\link.exe /ERRORREPORT:PROMPT /OUT:"C:\Users\SybrandtJG1\Desktop\PM_GAMEJAM\pm_gamejam\FreezeFrame\FreezeFrame\Debug\FreezeFrame.exe" /NOLOGO /LIBPATH:"C:\Program Files (x86)\Microsoft DirectX SDK (June 2010)\\Lib\x86" d3d9.lib d3dx9.lib winmm.lib xinput.lib winmm.lib kernel32.lib user32.lib gdi32.lib winspool.lib comdlg32.lib advapi32.lib shell32.lib ole32.lib oleaut32.lib uuid.lib odbc32.lib odbccp32.lib /MANIFEST /MANIFESTUAC:"level='asInvoker' uiAccess='false'" /manifest:embed /DEBUG /PDB:"C:\Users\SybrandtJG1\Desktop\PM_GAMEJAM\pm_gamejam\FreezeFrame\FreezeFrame\Debug\FreezeFrame.pdb" /TLBID:1 /DYNAMICBASE /NXCOMPAT /IMPLIB:"C:\Users\SybrandtJG1\Desktop\PM_GAMEJAM\pm_gamejam\FreezeFrame\FreezeFrame\Debug\FreezeFrame.lib" /MACHINE:X86 /SAFESEH Debug\Actor.obj
         Debug\audio.obj
         Debug\constants.obj
         Debug\game.obj
         Debug\ghost.obj
         Debug\graphics.obj
         Debug\image.obj
         Debug\input.obj
         Debug\freezeframe.obj
         Debug\Particle.obj
         Debug\patternStep.obj
         Debug\Player.obj
         Debug\textDX.obj
         Debug\textureManager.obj
         Debug\Utility.obj
         Debug\Wall.obj
         Debug\winmain.obj
     1>Actor.obj : warning LNK4075: ignoring '/EDITANDCONTINUE' due to '/SAFESEH' specification
         FreezeFrame.vcxproj -> C:\Users\SybrandtJG1\Desktop\PM_GAMEJAM\pm_gamejam\FreezeFrame\FreezeFrame\Debug\FreezeFrame.exe
     1>Done Building Project "C:\Users\SybrandtJG1\Desktop\PM_GAMEJAM\pm_gamejam\FreezeFrame\FreezeFrame\FreezeFrame.vcxproj" (Build target(s)).

Build succeeded.

Time Elapsed 00:00:01.77
